#
# There is insufficient memory for the Java Runtime Environment to continue.
# Native memory allocation (malloc) failed to allocate 46336 bytes for Chunk::new
# Possible reasons:
#   The system is out of physical RAM or swap space
#   The process is running with CompressedOops enabled, and the Java Heap may be blocking the growth of the native heap
# Possible solutions:
#   Reduce memory load on the system
#   Increase physical memory or swap space
#   Check if swap backing store is full
#   Decrease Java heap size (-Xmx/-Xms)
#   Decrease number of Java threads
#   Decrease Java thread stack sizes (-Xss)
#   Set larger code cache with -XX:ReservedCodeCacheSize=
#   JVM is running with Unscaled Compressed Oops mode in which the Java heap is
#     placed in the first 4GB address space. The Java Heap base address is the
#     maximum limit for the native heap growth. Please use -XX:HeapBaseMinAddress
#     to set the Java Heap base and to place the Java Heap above 4GB virtual address.
# This output file may be truncated or incomplete.
#
#  Out of Memory Error (./open/src/hotspot/share/memory/arena.cpp:195), pid=33424, tid=26804
#
# JRE version: OpenJDK Runtime Environment (14.0.2+12) (build 14.0.2+12-46)
# Java VM: OpenJDK 64-Bit Server VM (14.0.2+12-46, mixed mode, tiered, compressed oops, g1 gc, windows-amd64)
# No core dump will be written. Minidumps are not enabled by default on client versions of Windows
#

---------------  S U M M A R Y ------------

Command Line: -javaagent:C:\Users\jagriti.chourasia\eclipse\jee-2020-09\eclipse\configuration\org.eclipse.osgi\910\0\.cp\jacocoagent.jar=includes=*,excludes=,exclclassloader=sun.reflect.DelegatingClassLoader,output=tcpclient,port=49202 -ea -Dfile.encoding=UTF-8 -XX:+ShowCodeDetailsInExceptionMessages org.eclipse.jdt.internal.junit.runner.RemoteTestRunner -version 3 -port 49204 -testLoaderClass org.eclipse.jdt.internal.junit5.runner.JUnit5TestLoader -loaderpluginname org.eclipse.jdt.junit5.runtime -packageNameFile C:\Users\JAGRIT~1.CHO\AppData\Local\Temp\packageNames3242217178457079491.txt

Host: Intel(R) Core(TM) i5-8365U CPU @ 1.60GHz, 8 cores, 7G,  Windows 10 , 64 bit Build 22621 (10.0.22621.3958)
Time: Wed Oct 16 22:01:24 2024 India Standard Time elapsed time: 1 seconds (0d 0h 0m 1s)

---------------  T H R E A D  ---------------

Current thread (0x000001ff610b9800):  JavaThread "C2 CompilerThread0" daemon [_thread_in_native, id=26804, stack(0x0000002ff0100000,0x0000002ff0200000)]


Current CompileTask:
C2:   1814  390 %     4       java.lang.StringCoding::hasNegatives @ 2 (25 bytes)

Stack: [0x0000002ff0100000,0x0000002ff0200000]
Native frames: (J=compiled Java code, j=interpreted, Vv=VM code, C=native code)
V  [jvm.dll+0x5f8a9a]
V  [jvm.dll+0x74247a]
V  [jvm.dll+0x743c2f]
V  [jvm.dll+0x744273]
V  [jvm.dll+0x20d288]
V  [jvm.dll+0xabb07]
V  [jvm.dll+0xac1fc]
V  [jvm.dll+0x276db4]
V  [jvm.dll+0x50cffa]
V  [jvm.dll+0x1ee1da]
V  [jvm.dll+0x1e7cfb]
V  [jvm.dll+0x1e4f98]
V  [jvm.dll+0x1779cc]
V  [jvm.dll+0x1f4105]
V  [jvm.dll+0x1f22eb]
V  [jvm.dll+0x7070cd]
V  [jvm.dll+0x6ffeda]
V  [jvm.dll+0x5f78f6]
C  [ucrtbase.dll+0x29333]
C  [KERNEL32.DLL+0x1257d]
C  [ntdll.dll+0x5af08]


---------------  P R O C E S S  ---------------

Threads class SMR info:
_java_thread_list=0x000001ff61396400, length=10, elements={
0x000001ff4645b800, 0x000001ff6107d000, 0x000001ff6107e800, 0x000001ff610b1800,
0x000001ff610b5800, 0x000001ff610b6800, 0x000001ff610b9800, 0x000001ff610d6000,
0x000001ff6112f800, 0x000001ff613b0800
}

Java Threads: ( => current thread )
  0x000001ff4645b800 JavaThread "main" [_thread_in_native, id=30340, stack(0x0000002fef500000,0x0000002fef600000)]
  0x000001ff6107d000 JavaThread "Reference Handler" daemon [_thread_blocked, id=28952, stack(0x0000002fefc00000,0x0000002fefd00000)]
  0x000001ff6107e800 JavaThread "Finalizer" daemon [_thread_blocked, id=8132, stack(0x0000002fefd00000,0x0000002fefe00000)]
  0x000001ff610b1800 JavaThread "Signal Dispatcher" daemon [_thread_blocked, id=10272, stack(0x0000002fefe00000,0x0000002feff00000)]
  0x000001ff610b5800 JavaThread "Attach Listener" daemon [_thread_blocked, id=34456, stack(0x0000002feff00000,0x0000002ff0000000)]
  0x000001ff610b6800 JavaThread "Service Thread" daemon [_thread_blocked, id=26416, stack(0x0000002ff0000000,0x0000002ff0100000)]
=>0x000001ff610b9800 JavaThread "C2 CompilerThread0" daemon [_thread_in_native, id=26804, stack(0x0000002ff0100000,0x0000002ff0200000)]
  0x000001ff610d6000 JavaThread "C1 CompilerThread0" daemon [_thread_blocked, id=31408, stack(0x0000002ff0200000,0x0000002ff0300000)]
  0x000001ff6112f800 JavaThread "Sweeper thread" daemon [_thread_blocked, id=18080, stack(0x0000002ff0300000,0x0000002ff0400000)]
  0x000001ff613b0800 JavaThread "Common-Cleaner" daemon [_thread_blocked, id=32704, stack(0x0000002ff0400000,0x0000002ff0500000)]

Other Threads:
  0x000001ff61075000 VMThread "VM Thread" [stack: 0x0000002fefb00000,0x0000002fefc00000] [id=35816]
  0x000001ff4649e000 GCTaskThread "GC Thread#0" [stack: 0x0000002fef600000,0x0000002fef700000] [id=1572]
  0x000001ff464ae800 ConcurrentGCThread "G1 Main Marker" [stack: 0x0000002fef700000,0x0000002fef800000] [id=29296]
  0x000001ff464b0000 ConcurrentGCThread "G1 Conc#0" [stack: 0x0000002fef800000,0x0000002fef900000] [id=14496]
  0x000001ff60569000 ConcurrentGCThread "G1 Refine#0" [stack: 0x0000002fef900000,0x0000002fefa00000] [id=19656]
  0x000001ff6056a000 ConcurrentGCThread "G1 Young RemSet Sampling" [stack: 0x0000002fefa00000,0x0000002fefb00000] [id=24612]

Threads with active compile tasks:
C2 CompilerThread0     1919  390 %     4       java.lang.StringCoding::hasNegatives @ 2 (25 bytes)

VM state:not at safepoint (normal execution)

VM Mutex/Monitor currently owned by a thread: None

Heap address: 0x0000000084000000, size: 1984 MB, Compressed Oops mode: 32-bit
Narrow klass base: 0x0000000000000000, Narrow klass shift: 3
Compressed class space size: 1073741824 Address: 0x0000000100000000

Heap:
 garbage-first heap   total 126976K, used 8192K [0x0000000084000000, 0x0000000100000000)
  region size 1024K, 9 young (9216K), 0 survivors (0K)
 Metaspace       used 6048K, capacity 6139K, committed 6272K, reserved 1056768K
  class space    used 505K, capacity 534K, committed 640K, reserved 1048576K
Heap Regions: E=young(eden), S=young(survivor), O=old, HS=humongous(starts), HC=humongous(continues), CS=collection set, F=free, OA=open archive, CA=closed archive, TAMS=top-at-mark-start (previous, next)
|   0|0x0000000084000000, 0x0000000084100000, 0x0000000084100000|100%|HS|  |TAMS 0x0000000084000000, 0x0000000084000000| Complete 
|   1|0x0000000084100000, 0x0000000084100000, 0x0000000084200000|  0%| F|  |TAMS 0x0000000084100000, 0x0000000084100000| Untracked 
|   2|0x0000000084200000, 0x0000000084200000, 0x0000000084300000|  0%| F|  |TAMS 0x0000000084200000, 0x0000000084200000| Untracked 
|   3|0x0000000084300000, 0x0000000084300000, 0x0000000084400000|  0%| F|  |TAMS 0x0000000084300000, 0x0000000084300000| Untracked 
|   4|0x0000000084400000, 0x0000000084400000, 0x0000000084500000|  0%| F|  |TAMS 0x0000000084400000, 0x0000000084400000| Untracked 
|   5|0x0000000084500000, 0x0000000084500000, 0x0000000084600000|  0%| F|  |TAMS 0x0000000084500000, 0x0000000084500000| Untracked 
|   6|0x0000000084600000, 0x0000000084600000, 0x0000000084700000|  0%| F|  |TAMS 0x0000000084600000, 0x0000000084600000| Untracked 
|   7|0x0000000084700000, 0x0000000084700000, 0x0000000084800000|  0%| F|  |TAMS 0x0000000084700000, 0x0000000084700000| Untracked 
|   8|0x0000000084800000, 0x0000000084800000, 0x0000000084900000|  0%| F|  |TAMS 0x0000000084800000, 0x0000000084800000| Untracked 
|   9|0x0000000084900000, 0x0000000084900000, 0x0000000084a00000|  0%| F|  |TAMS 0x0000000084900000, 0x0000000084900000| Untracked 
|  10|0x0000000084a00000, 0x0000000084a00000, 0x0000000084b00000|  0%| F|  |TAMS 0x0000000084a00000, 0x0000000084a00000| Untracked 
|  11|0x0000000084b00000, 0x0000000084b00000, 0x0000000084c00000|  0%| F|  |TAMS 0x0000000084b00000, 0x0000000084b00000| Untracked 
|  12|0x0000000084c00000, 0x0000000084c00000, 0x0000000084d00000|  0%| F|  |TAMS 0x0000000084c00000, 0x0000000084c00000| Untracked 
|  13|0x0000000084d00000, 0x0000000084d00000, 0x0000000084e00000|  0%| F|  |TAMS 0x0000000084d00000, 0x0000000084d00000| Untracked 
|  14|0x0000000084e00000, 0x0000000084e00000, 0x0000000084f00000|  0%| F|  |TAMS 0x0000000084e00000, 0x0000000084e00000| Untracked 
|  15|0x0000000084f00000, 0x0000000084f00000, 0x0000000085000000|  0%| F|  |TAMS 0x0000000084f00000, 0x0000000084f00000| Untracked 
|  16|0x0000000085000000, 0x0000000085000000, 0x0000000085100000|  0%| F|  |TAMS 0x0000000085000000, 0x0000000085000000| Untracked 
|  17|0x0000000085100000, 0x0000000085100000, 0x0000000085200000|  0%| F|  |TAMS 0x0000000085100000, 0x0000000085100000| Untracked 
|  18|0x0000000085200000, 0x0000000085200000, 0x0000000085300000|  0%| F|  |TAMS 0x0000000085200000, 0x0000000085200000| Untracked 
|  19|0x0000000085300000, 0x0000000085300000, 0x0000000085400000|  0%| F|  |TAMS 0x0000000085300000, 0x0000000085300000| Untracked 
|  20|0x0000000085400000, 0x0000000085400000, 0x0000000085500000|  0%| F|  |TAMS 0x0000000085400000, 0x0000000085400000| Untracked 
|  21|0x0000000085500000, 0x0000000085500000, 0x0000000085600000|  0%| F|  |TAMS 0x0000000085500000, 0x0000000085500000| Untracked 
|  22|0x0000000085600000, 0x0000000085600000, 0x0000000085700000|  0%| F|  |TAMS 0x0000000085600000, 0x0000000085600000| Untracked 
|  23|0x0000000085700000, 0x0000000085700000, 0x0000000085800000|  0%| F|  |TAMS 0x0000000085700000, 0x0000000085700000| Untracked 
|  24|0x0000000085800000, 0x0000000085800000, 0x0000000085900000|  0%| F|  |TAMS 0x0000000085800000, 0x0000000085800000| Untracked 
|  25|0x0000000085900000, 0x0000000085900000, 0x0000000085a00000|  0%| F|  |TAMS 0x0000000085900000, 0x0000000085900000| Untracked 
|  26|0x0000000085a00000, 0x0000000085a00000, 0x0000000085b00000|  0%| F|  |TAMS 0x0000000085a00000, 0x0000000085a00000| Untracked 
|  27|0x0000000085b00000, 0x0000000085b00000, 0x0000000085c00000|  0%| F|  |TAMS 0x0000000085b00000, 0x0000000085b00000| Untracked 
|  28|0x0000000085c00000, 0x0000000085c00000, 0x0000000085d00000|  0%| F|  |TAMS 0x0000000085c00000, 0x0000000085c00000| Untracked 
|  29|0x0000000085d00000, 0x0000000085d00000, 0x0000000085e00000|  0%| F|  |TAMS 0x0000000085d00000, 0x0000000085d00000| Untracked 
|  30|0x0000000085e00000, 0x0000000085e00000, 0x0000000085f00000|  0%| F|  |TAMS 0x0000000085e00000, 0x0000000085e00000| Untracked 
|  31|0x0000000085f00000, 0x0000000085f00000, 0x0000000086000000|  0%| F|  |TAMS 0x0000000085f00000, 0x0000000085f00000| Untracked 
|  32|0x0000000086000000, 0x0000000086000000, 0x0000000086100000|  0%| F|  |TAMS 0x0000000086000000, 0x0000000086000000| Untracked 
|  33|0x0000000086100000, 0x0000000086100000, 0x0000000086200000|  0%| F|  |TAMS 0x0000000086100000, 0x0000000086100000| Untracked 
|  34|0x0000000086200000, 0x0000000086200000, 0x0000000086300000|  0%| F|  |TAMS 0x0000000086200000, 0x0000000086200000| Untracked 
|  35|0x0000000086300000, 0x0000000086300000, 0x0000000086400000|  0%| F|  |TAMS 0x0000000086300000, 0x0000000086300000| Untracked 
|  36|0x0000000086400000, 0x0000000086400000, 0x0000000086500000|  0%| F|  |TAMS 0x0000000086400000, 0x0000000086400000| Untracked 
|  37|0x0000000086500000, 0x0000000086500000, 0x0000000086600000|  0%| F|  |TAMS 0x0000000086500000, 0x0000000086500000| Untracked 
|  38|0x0000000086600000, 0x0000000086600000, 0x0000000086700000|  0%| F|  |TAMS 0x0000000086600000, 0x0000000086600000| Untracked 
|  39|0x0000000086700000, 0x0000000086700000, 0x0000000086800000|  0%| F|  |TAMS 0x0000000086700000, 0x0000000086700000| Untracked 
|  40|0x0000000086800000, 0x0000000086800000, 0x0000000086900000|  0%| F|  |TAMS 0x0000000086800000, 0x0000000086800000| Untracked 
|  41|0x0000000086900000, 0x0000000086900000, 0x0000000086a00000|  0%| F|  |TAMS 0x0000000086900000, 0x0000000086900000| Untracked 
|  42|0x0000000086a00000, 0x0000000086a00000, 0x0000000086b00000|  0%| F|  |TAMS 0x0000000086a00000, 0x0000000086a00000| Untracked 
|  43|0x0000000086b00000, 0x0000000086b00000, 0x0000000086c00000|  0%| F|  |TAMS 0x0000000086b00000, 0x0000000086b00000| Untracked 
|  44|0x0000000086c00000, 0x0000000086c00000, 0x0000000086d00000|  0%| F|  |TAMS 0x0000000086c00000, 0x0000000086c00000| Untracked 
|  45|0x0000000086d00000, 0x0000000086d00000, 0x0000000086e00000|  0%| F|  |TAMS 0x0000000086d00000, 0x0000000086d00000| Untracked 
|  46|0x0000000086e00000, 0x0000000086e00000, 0x0000000086f00000|  0%| F|  |TAMS 0x0000000086e00000, 0x0000000086e00000| Untracked 
|  47|0x0000000086f00000, 0x0000000086f00000, 0x0000000087000000|  0%| F|  |TAMS 0x0000000086f00000, 0x0000000086f00000| Untracked 
|  48|0x0000000087000000, 0x0000000087000000, 0x0000000087100000|  0%| F|  |TAMS 0x0000000087000000, 0x0000000087000000| Untracked 
|  49|0x0000000087100000, 0x0000000087100000, 0x0000000087200000|  0%| F|  |TAMS 0x0000000087100000, 0x0000000087100000| Untracked 
|  50|0x0000000087200000, 0x0000000087200000, 0x0000000087300000|  0%| F|  |TAMS 0x0000000087200000, 0x0000000087200000| Untracked 
|  51|0x0000000087300000, 0x0000000087300000, 0x0000000087400000|  0%| F|  |TAMS 0x0000000087300000, 0x0000000087300000| Untracked 
|  52|0x0000000087400000, 0x0000000087400000, 0x0000000087500000|  0%| F|  |TAMS 0x0000000087400000, 0x0000000087400000| Untracked 
|  53|0x0000000087500000, 0x0000000087500000, 0x0000000087600000|  0%| F|  |TAMS 0x0000000087500000, 0x0000000087500000| Untracked 
|  54|0x0000000087600000, 0x0000000087600000, 0x0000000087700000|  0%| F|  |TAMS 0x0000000087600000, 0x0000000087600000| Untracked 
|  55|0x0000000087700000, 0x0000000087700000, 0x0000000087800000|  0%| F|  |TAMS 0x0000000087700000, 0x0000000087700000| Untracked 
|  56|0x0000000087800000, 0x0000000087800000, 0x0000000087900000|  0%| F|  |TAMS 0x0000000087800000, 0x0000000087800000| Untracked 
|  57|0x0000000087900000, 0x0000000087900000, 0x0000000087a00000|  0%| F|  |TAMS 0x0000000087900000, 0x0000000087900000| Untracked 
|  58|0x0000000087a00000, 0x0000000087a00000, 0x0000000087b00000|  0%| F|  |TAMS 0x0000000087a00000, 0x0000000087a00000| Untracked 
|  59|0x0000000087b00000, 0x0000000087b00000, 0x0000000087c00000|  0%| F|  |TAMS 0x0000000087b00000, 0x0000000087b00000| Untracked 
|  60|0x0000000087c00000, 0x0000000087c00000, 0x0000000087d00000|  0%| F|  |TAMS 0x0000000087c00000, 0x0000000087c00000| Untracked 
|  61|0x0000000087d00000, 0x0000000087d00000, 0x0000000087e00000|  0%| F|  |TAMS 0x0000000087d00000, 0x0000000087d00000| Untracked 
|  62|0x0000000087e00000, 0x0000000087e00000, 0x0000000087f00000|  0%| F|  |TAMS 0x0000000087e00000, 0x0000000087e00000| Untracked 
|  63|0x0000000087f00000, 0x0000000087f00000, 0x0000000088000000|  0%| F|  |TAMS 0x0000000087f00000, 0x0000000087f00000| Untracked 
|  64|0x0000000088000000, 0x0000000088000000, 0x0000000088100000|  0%| F|  |TAMS 0x0000000088000000, 0x0000000088000000| Untracked 
|  65|0x0000000088100000, 0x0000000088100000, 0x0000000088200000|  0%| F|  |TAMS 0x0000000088100000, 0x0000000088100000| Untracked 
|  66|0x0000000088200000, 0x0000000088200000, 0x0000000088300000|  0%| F|  |TAMS 0x0000000088200000, 0x0000000088200000| Untracked 
|  67|0x0000000088300000, 0x0000000088300000, 0x0000000088400000|  0%| F|  |TAMS 0x0000000088300000, 0x0000000088300000| Untracked 
|  68|0x0000000088400000, 0x0000000088400000, 0x0000000088500000|  0%| F|  |TAMS 0x0000000088400000, 0x0000000088400000| Untracked 
|  69|0x0000000088500000, 0x0000000088500000, 0x0000000088600000|  0%| F|  |TAMS 0x0000000088500000, 0x0000000088500000| Untracked 
|  70|0x0000000088600000, 0x0000000088600000, 0x0000000088700000|  0%| F|  |TAMS 0x0000000088600000, 0x0000000088600000| Untracked 
|  71|0x0000000088700000, 0x0000000088700000, 0x0000000088800000|  0%| F|  |TAMS 0x0000000088700000, 0x0000000088700000| Untracked 
|  72|0x0000000088800000, 0x0000000088800000, 0x0000000088900000|  0%| F|  |TAMS 0x0000000088800000, 0x0000000088800000| Untracked 
|  73|0x0000000088900000, 0x0000000088900000, 0x0000000088a00000|  0%| F|  |TAMS 0x0000000088900000, 0x0000000088900000| Untracked 
|  74|0x0000000088a00000, 0x0000000088a00000, 0x0000000088b00000|  0%| F|  |TAMS 0x0000000088a00000, 0x0000000088a00000| Untracked 
|  75|0x0000000088b00000, 0x0000000088b00000, 0x0000000088c00000|  0%| F|  |TAMS 0x0000000088b00000, 0x0000000088b00000| Untracked 
|  76|0x0000000088c00000, 0x0000000088c00000, 0x0000000088d00000|  0%| F|  |TAMS 0x0000000088c00000, 0x0000000088c00000| Untracked 
|  77|0x0000000088d00000, 0x0000000088d00000, 0x0000000088e00000|  0%| F|  |TAMS 0x0000000088d00000, 0x0000000088d00000| Untracked 
|  78|0x0000000088e00000, 0x0000000088e00000, 0x0000000088f00000|  0%| F|  |TAMS 0x0000000088e00000, 0x0000000088e00000| Untracked 
|  79|0x0000000088f00000, 0x0000000088f00000, 0x0000000089000000|  0%| F|  |TAMS 0x0000000088f00000, 0x0000000088f00000| Untracked 
|  80|0x0000000089000000, 0x0000000089000000, 0x0000000089100000|  0%| F|  |TAMS 0x0000000089000000, 0x0000000089000000| Untracked 
|  81|0x0000000089100000, 0x0000000089100000, 0x0000000089200000|  0%| F|  |TAMS 0x0000000089100000, 0x0000000089100000| Untracked 
|  82|0x0000000089200000, 0x0000000089200000, 0x0000000089300000|  0%| F|  |TAMS 0x0000000089200000, 0x0000000089200000| Untracked 
|  83|0x0000000089300000, 0x0000000089300000, 0x0000000089400000|  0%| F|  |TAMS 0x0000000089300000, 0x0000000089300000| Untracked 
|  84|0x0000000089400000, 0x0000000089400000, 0x0000000089500000|  0%| F|  |TAMS 0x0000000089400000, 0x0000000089400000| Untracked 
|  85|0x0000000089500000, 0x0000000089500000, 0x0000000089600000|  0%| F|  |TAMS 0x0000000089500000, 0x0000000089500000| Untracked 
|  86|0x0000000089600000, 0x0000000089600000, 0x0000000089700000|  0%| F|  |TAMS 0x0000000089600000, 0x0000000089600000| Untracked 
|  87|0x0000000089700000, 0x0000000089700000, 0x0000000089800000|  0%| F|  |TAMS 0x0000000089700000, 0x0000000089700000| Untracked 
|  88|0x0000000089800000, 0x0000000089800000, 0x0000000089900000|  0%| F|  |TAMS 0x0000000089800000, 0x0000000089800000| Untracked 
|  89|0x0000000089900000, 0x0000000089900000, 0x0000000089a00000|  0%| F|  |TAMS 0x0000000089900000, 0x0000000089900000| Untracked 
|  90|0x0000000089a00000, 0x0000000089a00000, 0x0000000089b00000|  0%| F|  |TAMS 0x0000000089a00000, 0x0000000089a00000| Untracked 
|  91|0x0000000089b00000, 0x0000000089b00000, 0x0000000089c00000|  0%| F|  |TAMS 0x0000000089b00000, 0x0000000089b00000| Untracked 
|  92|0x0000000089c00000, 0x0000000089c00000, 0x0000000089d00000|  0%| F|  |TAMS 0x0000000089c00000, 0x0000000089c00000| Untracked 
|  93|0x0000000089d00000, 0x0000000089d00000, 0x0000000089e00000|  0%| F|  |TAMS 0x0000000089d00000, 0x0000000089d00000| Untracked 
|  94|0x0000000089e00000, 0x0000000089e00000, 0x0000000089f00000|  0%| F|  |TAMS 0x0000000089e00000, 0x0000000089e00000| Untracked 
|  95|0x0000000089f00000, 0x0000000089f00000, 0x000000008a000000|  0%| F|  |TAMS 0x0000000089f00000, 0x0000000089f00000| Untracked 
|  96|0x000000008a000000, 0x000000008a000000, 0x000000008a100000|  0%| F|  |TAMS 0x000000008a000000, 0x000000008a000000| Untracked 
|  97|0x000000008a100000, 0x000000008a100000, 0x000000008a200000|  0%| F|  |TAMS 0x000000008a100000, 0x000000008a100000| Untracked 
|  98|0x000000008a200000, 0x000000008a200000, 0x000000008a300000|  0%| F|  |TAMS 0x000000008a200000, 0x000000008a200000| Untracked 
|  99|0x000000008a300000, 0x000000008a300000, 0x000000008a400000|  0%| F|  |TAMS 0x000000008a300000, 0x000000008a300000| Untracked 
| 100|0x000000008a400000, 0x000000008a400000, 0x000000008a500000|  0%| F|  |TAMS 0x000000008a400000, 0x000000008a400000| Untracked 
| 101|0x000000008a500000, 0x000000008a500000, 0x000000008a600000|  0%| F|  |TAMS 0x000000008a500000, 0x000000008a500000| Untracked 
| 102|0x000000008a600000, 0x000000008a600000, 0x000000008a700000|  0%| F|  |TAMS 0x000000008a600000, 0x000000008a600000| Untracked 
| 103|0x000000008a700000, 0x000000008a700000, 0x000000008a800000|  0%| F|  |TAMS 0x000000008a700000, 0x000000008a700000| Untracked 
| 104|0x000000008a800000, 0x000000008a800000, 0x000000008a900000|  0%| F|  |TAMS 0x000000008a800000, 0x000000008a800000| Untracked 
| 105|0x000000008a900000, 0x000000008a900000, 0x000000008aa00000|  0%| F|  |TAMS 0x000000008a900000, 0x000000008a900000| Untracked 
| 106|0x000000008aa00000, 0x000000008aa00000, 0x000000008ab00000|  0%| F|  |TAMS 0x000000008aa00000, 0x000000008aa00000| Untracked 
| 107|0x000000008ab00000, 0x000000008ab00000, 0x000000008ac00000|  0%| F|  |TAMS 0x000000008ab00000, 0x000000008ab00000| Untracked 
| 108|0x000000008ac00000, 0x000000008ac00000, 0x000000008ad00000|  0%| F|  |TAMS 0x000000008ac00000, 0x000000008ac00000| Untracked 
| 109|0x000000008ad00000, 0x000000008ad00000, 0x000000008ae00000|  0%| F|  |TAMS 0x000000008ad00000, 0x000000008ad00000| Untracked 
| 110|0x000000008ae00000, 0x000000008ae00000, 0x000000008af00000|  0%| F|  |TAMS 0x000000008ae00000, 0x000000008ae00000| Untracked 
| 111|0x000000008af00000, 0x000000008af00000, 0x000000008b000000|  0%| F|  |TAMS 0x000000008af00000, 0x000000008af00000| Untracked 
| 112|0x000000008b000000, 0x000000008b000000, 0x000000008b100000|  0%| F|  |TAMS 0x000000008b000000, 0x000000008b000000| Untracked 
| 113|0x000000008b100000, 0x000000008b100000, 0x000000008b200000|  0%| F|  |TAMS 0x000000008b100000, 0x000000008b100000| Untracked 
| 114|0x000000008b200000, 0x000000008b200000, 0x000000008b300000|  0%| F|  |TAMS 0x000000008b200000, 0x000000008b200000| Untracked 
| 115|0x000000008b300000, 0x000000008b400000, 0x000000008b400000|100%| E|  |TAMS 0x000000008b300000, 0x000000008b300000| Complete 
| 116|0x000000008b400000, 0x000000008b500000, 0x000000008b500000|100%| E|CS|TAMS 0x000000008b400000, 0x000000008b400000| Complete 
| 117|0x000000008b500000, 0x000000008b600000, 0x000000008b600000|100%| E|  |TAMS 0x000000008b500000, 0x000000008b500000| Complete 
| 118|0x000000008b600000, 0x000000008b700000, 0x000000008b700000|100%| E|CS|TAMS 0x000000008b600000, 0x000000008b600000| Complete 
| 119|0x000000008b700000, 0x000000008b800000, 0x000000008b800000|100%| E|CS|TAMS 0x000000008b700000, 0x000000008b700000| Complete 
| 120|0x000000008b800000, 0x000000008b900000, 0x000000008b900000|100%| E|CS|TAMS 0x000000008b800000, 0x000000008b800000| Complete 
| 121|0x000000008b900000, 0x000000008ba00000, 0x000000008ba00000|100%| E|CS|TAMS 0x000000008b900000, 0x000000008b900000| Complete 
| 122|0x000000008ba00000, 0x000000008bb00000, 0x000000008bb00000|100%| E|CS|TAMS 0x000000008ba00000, 0x000000008ba00000| Complete 
| 123|0x000000008bb00000, 0x000000008bc00000, 0x000000008bc00000|100%| E|CS|TAMS 0x000000008bb00000, 0x000000008bb00000| Complete 

Card table byte_map: [0x000001ff597d0000,0x000001ff59bb0000] _byte_map_base: 0x000001ff593b0000

Marking Bits (Prev, Next): (CMBitMap*) 0x000001ff4649e738, (CMBitMap*) 0x000001ff4649e778
 Prev Bits: [0x000001ff59f90000, 0x000001ff5be90000)
 Next Bits: [0x000001ff5be90000, 0x000001ff5dd90000)

Polling page: 0x000001ff45bd0000

Metaspace:

Usage:
  Non-class:      5.47 MB capacity,     5.42 MB (>99%) used,    49.78 KB ( <1%) free+waste,     3.06 KB ( <1%) overhead. 
      Class:    534.00 KB capacity,   505.96 KB ( 95%) used,    26.60 KB (  5%) free+waste,     1.44 KB ( <1%) overhead. 
       Both:      6.00 MB capacity,     5.92 MB ( 99%) used,    76.38 KB (  1%) free+waste,     4.50 KB ( <1%) overhead. 

Virtual space:
  Non-class space:        8.00 MB reserved,       5.50 MB ( 69%) committed 
      Class space:        1.00 GB reserved,     640.00 KB ( <1%) committed 
             Both:        1.01 GB reserved,       6.13 MB ( <1%) committed 

Chunk freelists:
   Non-Class:  27.00 KB
       Class:  10.00 KB
        Both:  37.00 KB

MaxMetaspaceSize: 17179869184.00 GB
CompressedClassSpaceSize: 1.00 GB

CodeHeap 'non-profiled nmethods': size=120000Kb used=123Kb max_used=123Kb free=119876Kb
 bounds [0x000001ff51b90000, 0x000001ff51e00000, 0x000001ff590c0000]
CodeHeap 'profiled nmethods': size=120000Kb used=649Kb max_used=649Kb free=119350Kb
 bounds [0x000001ff4a660000, 0x000001ff4a8d0000, 0x000001ff51b90000]
CodeHeap 'non-nmethods': size=5760Kb used=1107Kb max_used=1122Kb free=4652Kb
 bounds [0x000001ff4a0c0000, 0x000001ff4a330000, 0x000001ff4a660000]
 total_blobs=764 nmethods=420 adapters=257
 compilation: enabled
              stopped_count=0, restarted_count=0
 full_count=0

Compilation events (20 events):
Event: 1.767 Thread 0x000001ff610d6000  379       3       java.lang.String::toCharArray (25 bytes)
Event: 1.768 Thread 0x000001ff610d6000 nmethod 379 0x000001ff4a6e1b90 code [0x000001ff4a6e1d60, 0x000001ff4a6e2218]
Event: 1.787 Thread 0x000001ff610d6000  380   !   3       java.util.jar.JarFile::checkForSpecialAttributes (163 bytes)
Event: 1.790 Thread 0x000001ff610d6000 nmethod 380 0x000001ff4a6e2410 code [0x000001ff4a6e2720, 0x000001ff4a6e3a78]
Event: 1.790 Thread 0x000001ff610d6000  381   !   3       java.util.zip.Inflater::inflate (418 bytes)
Event: 1.793 Thread 0x000001ff610d6000 nmethod 381 0x000001ff4a6e4290 code [0x000001ff4a6e4560, 0x000001ff4a6e5788]
Event: 1.793 Thread 0x000001ff610d6000  383       3       java.lang.CharacterData::of (120 bytes)
Event: 1.793 Thread 0x000001ff610d6000 nmethod 383 0x000001ff4a6e6190 code [0x000001ff4a6e6380, 0x000001ff4a6e6b18]
Event: 1.793 Thread 0x000001ff610d6000  384       3       jdk.internal.misc.Unsafe::getInt (7 bytes)
Event: 1.793 Thread 0x000001ff610d6000 nmethod 384 0x000001ff4a6e6d10 code [0x000001ff4a6e6ea0, 0x000001ff4a6e6fb8]
Event: 1.797 Thread 0x000001ff610d6000  385       3       java.net.URL::isBuiltinStreamHandler (32 bytes)
Event: 1.799 Thread 0x000001ff610d6000 nmethod 385 0x000001ff4a6e7090 code [0x000001ff4a6e7380, 0x000001ff4a6e8498]
Event: 1.799 Thread 0x000001ff610d6000  386       3       java.net.URL::isBuiltinStreamHandler (8 bytes)
Event: 1.800 Thread 0x000001ff610d6000 nmethod 386 0x000001ff4a6e8a10 code [0x000001ff4a6e8bc0, 0x000001ff4a6e8d88]
Event: 1.800 Thread 0x000001ff610d6000  387       3       sun.net.util.IPAddressUtil::checkHostString (53 bytes)
Event: 1.801 Thread 0x000001ff610d6000 nmethod 387 0x000001ff4a6e8e90 code [0x000001ff4a6e9160, 0x000001ff4a6e9e68]
Event: 1.802 Thread 0x000001ff610d6000  388       3       java.util.Arrays::fill (21 bytes)
Event: 1.802 Thread 0x000001ff610d6000 nmethod 388 0x000001ff4a6ea310 code [0x000001ff4a6ea4a0, 0x000001ff4a6ea638]
Event: 1.802 Thread 0x000001ff610d6000  389       3       java.util.zip.ZipFile$Source::initCEN (668 bytes)
Event: 1.805 Thread 0x000001ff610b9800  390 %     4       java.lang.StringCoding::hasNegatives @ 2 (25 bytes)

GC Heap History (0 events):
No events

Deoptimization events (20 events):
Event: 1.344 Thread 0x000001ff4645b800 DEOPT PACKING pc=0x000001ff4a6a900e sp=0x0000002fef5fdec0
Event: 1.344 Thread 0x000001ff4645b800 DEOPT UNPACKING pc=0x000001ff4a10964e sp=0x0000002fef5fd360 mode 0
Event: 1.344 Thread 0x000001ff4645b800 DEOPT PACKING pc=0x000001ff4a6a900e sp=0x0000002fef5fdec0
Event: 1.344 Thread 0x000001ff4645b800 DEOPT UNPACKING pc=0x000001ff4a10964e sp=0x0000002fef5fd360 mode 0
Event: 1.344 Thread 0x000001ff4645b800 DEOPT PACKING pc=0x000001ff4a6a900e sp=0x0000002fef5fdec0
Event: 1.344 Thread 0x000001ff4645b800 DEOPT UNPACKING pc=0x000001ff4a10964e sp=0x0000002fef5fd360 mode 0
Event: 1.345 Thread 0x000001ff4645b800 DEOPT PACKING pc=0x000001ff4a6a900e sp=0x0000002fef5fdec0
Event: 1.345 Thread 0x000001ff4645b800 DEOPT UNPACKING pc=0x000001ff4a10964e sp=0x0000002fef5fd360 mode 0
Event: 1.345 Thread 0x000001ff4645b800 DEOPT PACKING pc=0x000001ff4a6a900e sp=0x0000002fef5fdec0
Event: 1.345 Thread 0x000001ff4645b800 DEOPT UNPACKING pc=0x000001ff4a10964e sp=0x0000002fef5fd360 mode 0
Event: 1.345 Thread 0x000001ff4645b800 DEOPT PACKING pc=0x000001ff4a6a96bb sp=0x0000002fef5fde90
Event: 1.345 Thread 0x000001ff4645b800 DEOPT UNPACKING pc=0x000001ff4a10964e sp=0x0000002fef5fd360 mode 0
Event: 1.493 Thread 0x000001ff4645b800 Uncommon trap: trap_request=0xffffff45 fr.pc=0x000001ff51b9f610 relative=0x00000000000009b0
Event: 1.493 Thread 0x000001ff4645b800 Uncommon trap: reason=unstable_if action=reinterpret pc=0x000001ff51b9f610 method=java.util.HashMap.putVal(ILjava/lang/Object;Ljava/lang/Object;ZZ)Ljava/lang/Object; @ 181 c2
Event: 1.493 Thread 0x000001ff4645b800 DEOPT PACKING pc=0x000001ff51b9f610 sp=0x0000002fef5fe780
Event: 1.493 Thread 0x000001ff4645b800 DEOPT UNPACKING pc=0x000001ff4a10912f sp=0x0000002fef5fe710 mode 2
Event: 1.643 Thread 0x000001ff4645b800 Uncommon trap: trap_request=0xffffff45 fr.pc=0x000001ff51ba7c68 relative=0x00000000000001c8
Event: 1.643 Thread 0x000001ff4645b800 Uncommon trap: reason=unstable_if action=reinterpret pc=0x000001ff51ba7c68 method=java.util.zip.ZipFile$Source.isMetaName([BII)Z @ 43 c2
Event: 1.643 Thread 0x000001ff4645b800 DEOPT PACKING pc=0x000001ff51ba7c68 sp=0x0000002fef5fdec0
Event: 1.643 Thread 0x000001ff4645b800 DEOPT UNPACKING pc=0x000001ff4a10912f sp=0x0000002fef5fde68 mode 2

Classes unloaded (0 events):
No events

Classes redefined (0 events):
No events

Internal exceptions (0 events):
No events

Events (20 events):
Event: 1.429 loading class java/io/InputStreamReader
Event: 1.429 loading class java/io/InputStreamReader done
Event: 1.429 loading class sun/nio/cs/StreamDecoder
Event: 1.429 loading class sun/nio/cs/StreamDecoder done
Event: 1.429 loading class sun/nio/cs/UTF_8$Decoder
Event: 1.430 loading class java/nio/charset/CharsetDecoder
Event: 1.430 loading class java/nio/charset/CharsetDecoder done
Event: 1.430 loading class sun/nio/cs/UTF_8$Decoder done
Event: 1.433 loading class java/nio/CharBuffer
Event: 1.459 loading class java/nio/CharBuffer done
Event: 1.459 loading class java/nio/HeapCharBuffer
Event: 1.459 loading class java/nio/HeapCharBuffer done
Event: 1.460 loading class java/nio/charset/CoderResult
Event: 1.460 loading class java/nio/charset/CoderResult done
Event: 1.461 loading class java/util/LinkedList
Event: 1.462 loading class java/util/AbstractSequentialList
Event: 1.462 loading class java/util/AbstractSequentialList done
Event: 1.462 loading class java/util/LinkedList done
Event: 1.462 loading class java/util/LinkedList$Node
Event: 1.462 loading class java/util/LinkedList$Node done


Dynamic libraries:
0x00007ff77dc70000 - 0x00007ff77dc7d000 	C:\Users\jagriti.chourasia\.p2\pool\plugins\org.eclipse.justj.openjdk.hotspot.jre.full.win32.x86_64_14.0.2.v20200815-0932\jre\bin\javaw.exe
0x00007ff961790000 - 0x00007ff9619a7000 	C:\WINDOWS\SYSTEM32\ntdll.dll
0x00007ff960f50000 - 0x00007ff961014000 	C:\WINDOWS\System32\KERNEL32.DLL
0x00007ff95eec0000 - 0x00007ff95f277000 	C:\WINDOWS\System32\KERNELBASE.dll
0x00007ff95ec30000 - 0x00007ff95ed41000 	C:\WINDOWS\System32\ucrtbase.dll
0x00007ff943c20000 - 0x00007ff943c38000 	C:\Users\jagriti.chourasia\.p2\pool\plugins\org.eclipse.justj.openjdk.hotspot.jre.full.win32.x86_64_14.0.2.v20200815-0932\jre\bin\jli.dll
0x00007ff942f00000 - 0x00007ff942f15000 	C:\Users\jagriti.chourasia\.p2\pool\plugins\org.eclipse.justj.openjdk.hotspot.jre.full.win32.x86_64_14.0.2.v20200815-0932\jre\bin\VCRUNTIME140.dll
0x00007ff960da0000 - 0x00007ff960f4f000 	C:\WINDOWS\System32\USER32.dll
0x00007ff95ec00000 - 0x00007ff95ec26000 	C:\WINDOWS\System32\win32u.dll
0x00007ff95f520000 - 0x00007ff95f549000 	C:\WINDOWS\System32\GDI32.dll
0x00007ff95f280000 - 0x00007ff95f398000 	C:\WINDOWS\System32\gdi32full.dll
0x00007ff95f3a0000 - 0x00007ff95f43a000 	C:\WINDOWS\System32\msvcp_win.dll
0x00007ff945aa0000 - 0x00007ff945d33000 	C:\WINDOWS\WinSxS\amd64_microsoft.windows.common-controls_6595b64144ccf1df_6.0.22621.3672_none_2713b9d173822955\COMCTL32.dll
0x00007ff95f600000 - 0x00007ff95f6a7000 	C:\WINDOWS\System32\msvcrt.dll
0x00007ff9603c0000 - 0x00007ff9603f1000 	C:\WINDOWS\System32\IMM32.DLL
0x00007ff95e7c0000 - 0x00007ff95e942000 	C:\Program Files\Avecto\Privilege Guard Client\PGHook.dll
0x00007ff961580000 - 0x00007ff961632000 	C:\WINDOWS\SYSTEM32\ntdll.dll
0x00007ff95f550000 - 0x00007ff95f5f8000 	C:\Users\jagriti.chourasia\.p2\pool\plugins\org.eclipse.justj.openjdk.hotspot.jre.full.win32.x86_64_14.0.2.v20200815-0932\jre\bin\jli.dll
0x00007ff95eaa0000 - 0x00007ff95eac8000 	C:\WINDOWS\System32\win32u.dll
0x00007ff960120000 - 0x00007ff960234000 	C:\WINDOWS\System32\gdi32full.dll
0x0000000070940000 - 0x00000000709b2000 	C:\WINDOWS\System32\QIPCAP64.dll
0x00007ff95f830000 - 0x00007ff960099000 	C:\WINDOWS\System32\SHELL32.dll
0x00007ff95ce30000 - 0x00007ff95cf32000 	C:\WINDOWS\System32\QIPCAP64.dll
0x00007ff95ce00000 - 0x00007ff95ce2d000 	C:\WINDOWS\SYSTEM32\IPHLPAPI.DLL
0x00007ff95f6c0000 - 0x00007ff95f6c9000 	C:\WINDOWS\SYSTEM32\IPHLPAPI.DLL
0x00007ff942e60000 - 0x00007ff942efb000 	C:\Users\jagriti.chourasia\.p2\pool\plugins\org.eclipse.justj.openjdk.hotspot.jre.full.win32.x86_64_14.0.2.v20200815-0932\jre\bin\msvcp140.dll
0x00007ff8fb930000 - 0x00007ff8fc44e000 	C:\Users\jagriti.chourasia\.p2\pool\plugins\org.eclipse.justj.openjdk.hotspot.jre.full.win32.x86_64_14.0.2.v20200815-0932\jre\bin\server\jvm.dll
0x00007ff960790000 - 0x00007ff960798000 	C:\WINDOWS\System32\PSAPI.DLL
0x00007ff938990000 - 0x00007ff938999000 	C:\WINDOWS\SYSTEM32\WSOCK32.dll
0x00007ff9600a0000 - 0x00007ff960111000 	C:\WINDOWS\System32\WS2_32.dll
0x00007ff957f70000 - 0x00007ff957fa4000 	C:\WINDOWS\SYSTEM32\WINMM.dll
0x00007ff95d400000 - 0x00007ff95d40a000 	C:\WINDOWS\SYSTEM32\VERSION.dll
0x00007ff95d830000 - 0x00007ff95d848000 	C:\WINDOWS\SYSTEM32\kernel.appcore.dll
0x00007ff902760000 - 0x00007ff90276a000 	C:\Users\jagriti.chourasia\.p2\pool\plugins\org.eclipse.justj.openjdk.hotspot.jre.full.win32.x86_64_14.0.2.v20200815-0932\jre\bin\jimage.dll
0x00007ff953290000 - 0x00007ff9534c2000 	C:\WINDOWS\SYSTEM32\DBGHELP.DLL
0x00007ff960400000 - 0x00007ff96078e000 	C:\WINDOWS\System32\combase.dll
0x00007ff961020000 - 0x00007ff9610f7000 	C:\WINDOWS\System32\OLEAUT32.dll
0x00007ff942500000 - 0x00007ff942532000 	C:\WINDOWS\SYSTEM32\dbgcore.DLL
0x000001ff45b50000 - 0x000001ff45bcb000 	C:\WINDOWS\System32\bcryptPrimitives.dll
0x00007ff94e410000 - 0x00007ff94e41e000 	C:\Users\jagriti.chourasia\.p2\pool\plugins\org.eclipse.justj.openjdk.hotspot.jre.full.win32.x86_64_14.0.2.v20200815-0932\jre\bin\instrument.dll
0x00007ff8fcd90000 - 0x00007ff8fcdb5000 	C:\Users\jagriti.chourasia\.p2\pool\plugins\org.eclipse.justj.openjdk.hotspot.jre.full.win32.x86_64_14.0.2.v20200815-0932\jre\bin\java.dll
0x00007ff8fcd70000 - 0x00007ff8fcd86000 	C:\Users\jagriti.chourasia\.p2\pool\plugins\org.eclipse.justj.openjdk.hotspot.jre.full.win32.x86_64_14.0.2.v20200815-0932\jre\bin\zip.dll
0x00007ff95c300000 - 0x00007ff95cbff000 	C:\WINDOWS\System32\WS2_32.dll
0x00007ff95c170000 - 0x00007ff95c2af000 	C:\WINDOWS\SYSTEM32\VERSION.dll
0x00007ff9602c0000 - 0x00007ff9603b9000 	C:\WINDOWS\System32\SHCORE.dll
0x00007ff961640000 - 0x00007ff96169e000 	C:\WINDOWS\System32\shlwapi.dll
0x00007ff95e9d0000 - 0x00007ff95e9f7000 	C:\Users\jagriti.chourasia\.p2\pool\plugins\org.eclipse.justj.openjdk.hotspot.jre.full.win32.x86_64_14.0.2.v20200815-0932\jre\bin\jimage.dll
0x00007ff8fcd10000 - 0x00007ff8fcd29000 	C:\Users\jagriti.chourasia\.p2\pool\plugins\org.eclipse.justj.openjdk.hotspot.jre.full.win32.x86_64_14.0.2.v20200815-0932\jre\bin\net.dll
0x00007ff95d850000 - 0x00007ff95d986000 	C:\WINDOWS\System32\OLEAUT32.dll
0x00007ff95ddd0000 - 0x00007ff95de39000 	C:\WINDOWS\system32\mswsock.dll
0x00007ff8fccf0000 - 0x00007ff8fcd02000 	C:\Users\jagriti.chourasia\.p2\pool\plugins\org.eclipse.justj.openjdk.hotspot.jre.full.win32.x86_64_14.0.2.v20200815-0932\jre\bin\instrument.dll

dbghelp: loaded successfully - version: 4.0.5 - missing functions: none
symbol engine: initialized successfully - sym options: 0x614 - pdb path: .;C:\Users\jagriti.chourasia\.p2\pool\plugins\org.eclipse.justj.openjdk.hotspot.jre.full.win32.x86_64_14.0.2.v20200815-0932\jre\bin;C:\WINDOWS\SYSTEM32;C:\WINDOWS\WinSxS\amd64_microsoft.windows.common-controls_6595b64144ccf1df_6.0.22621.3672_none_2713b9d173822955;C:\Program Files\Avecto\Privilege Guard Client;C:\Users\jagriti.chourasia\.p2\pool\plugins\org.eclipse.justj.openjdk.hotspot.jre.full.win32.x86_64_14.0.2.v20200815-0932\jre\bin\server

VM Arguments:
jvm_args: -javaagent:C:\Users\jagriti.chourasia\eclipse\jee-2020-09\eclipse\configuration\org.eclipse.osgi\910\0\.cp\jacocoagent.jar=includes=*,excludes=,exclclassloader=sun.reflect.DelegatingClassLoader,output=tcpclient,port=49202 -ea -Dfile.encoding=UTF-8 -XX:+ShowCodeDetailsInExceptionMessages 
java_command: org.eclipse.jdt.internal.junit.runner.RemoteTestRunner -version 3 -port 49204 -testLoaderClass org.eclipse.jdt.internal.junit5.runner.JUnit5TestLoader -loaderpluginname org.eclipse.jdt.junit5.runtime -packageNameFile C:\Users\JAGRIT~1.CHO\AppData\Local\Temp\packageNames3242217178457079491.txt
java_class_path (initial): C:\Users\jagriti.chourasia\Downloads\Spring-Boot-Sample-Project-master\JokesAPI\target\test-classes;C:\Users\jagriti.chourasia\Downloads\Spring-Boot-Sample-Project-master\JokesAPI\target\classes;C:\Users\jagriti.chourasia\.m2\repository\org\springframework\boot\spring-boot-starter-webflux\2.7.5\spring-boot-starter-webflux-2.7.5.jar;C:\Users\jagriti.chourasia\.m2\repository\org\springframework\boot\spring-boot-starter\2.7.5\spring-boot-starter-2.7.5.jar;C:\Users\jagriti.chourasia\.m2\repository\org\springframework\boot\spring-boot\2.7.5\spring-boot-2.7.5.jar;C:\Users\jagriti.chourasia\.m2\repository\org\springframework\boot\spring-boot-autoconfigure\2.7.5\spring-boot-autoconfigure-2.7.5.jar;C:\Users\jagriti.chourasia\.m2\repository\org\springframework\boot\spring-boot-starter-logging\2.7.5\spring-boot-starter-logging-2.7.5.jar;C:\Users\jagriti.chourasia\.m2\repository\ch\qos\logback\logback-classic\1.2.11\logback-classic-1.2.11.jar;C:\Users\jagriti.chourasia\.m2\repository\ch\qos\logback\logback-core\1.2.11\logback-core-1.2.11.jar;C:\Users\jagriti.chourasia\.m2\repository\org\apache\logging\log4j\log4j-to-slf4j\2.17.2\log4j-to-slf4j-2.17.2.jar;C:\Users\jagriti.chourasia\.m2\repository\org\apache\logging\log4j\log4j-api\2.17.2\log4j-api-2.17.2.jar;C:\Users\jagriti.chourasia\.m2\repository\org\slf4j\jul-to-slf4j\1.7.36\jul-to-slf4j-1.7.36.jar;C:\Users\jagriti.chourasia\.m2\repository\jakarta\annotation\jakarta.annotation-api\1.3.5\jakarta.annotation-api-1.3.5.jar;C:\Users\jagriti.chourasia\.m2\repository\org\yaml\snakeyaml\1.30\snakeyaml-1.30.jar;C:\Users\jagriti.chourasia\.m2\repository\org\springframework\boot\spring-boot-starter-json\2.7.5\spring-boot-starter-json-2.7.5.jar;C:\Users\jagriti.chourasia\.m2\repository\com\fasterxml\jackson\datatype\jackson-datatype-jdk8\2.13.4\jackson-datatype-jdk8-2.13.4.jar;C:\Users\jagriti.chourasia\.m2\repository\com\fasterxml\jackson\datatype\jackson-datatype-jsr310\2.13.4\jackson-datatype-jsr310-2.13.
Launcher Type: SUN_STANDARD

[Global flags]
     intx CICompilerCount                          = 4                                         {product} {ergonomic}
     uint ConcGCThreads                            = 2                                         {product} {ergonomic}
     uint G1ConcRefinementThreads                  = 8                                         {product} {ergonomic}
   size_t G1HeapRegionSize                         = 1048576                                   {product} {ergonomic}
    uintx GCDrainStackTargetSize                   = 64                                        {product} {ergonomic}
   size_t InitialHeapSize                          = 130023424                                 {product} {ergonomic}
   size_t MarkStackSize                            = 4194304                                   {product} {ergonomic}
   size_t MaxHeapSize                              = 2080374784                                {product} {ergonomic}
   size_t MaxNewSize                               = 1247805440                                {product} {ergonomic}
   size_t MinHeapDeltaBytes                        = 1048576                                   {product} {ergonomic}
   size_t MinHeapSize                              = 8388608                                   {product} {ergonomic}
    uintx NonNMethodCodeHeapSize                   = 5839372                                {pd product} {ergonomic}
    uintx NonProfiledCodeHeapSize                  = 122909434                              {pd product} {ergonomic}
    uintx ProfiledCodeHeapSize                     = 122909434                              {pd product} {ergonomic}
    uintx ReservedCodeCacheSize                    = 251658240                              {pd product} {ergonomic}
     bool SegmentedCodeCache                       = true                                      {product} {ergonomic}
     bool ShowCodeDetailsInExceptionMessages       = true                                   {manageable} {command line}
   size_t SoftMaxHeapSize                          = 2080374784                             {manageable} {ergonomic}
     bool UseCompressedClassPointers               = true                                 {lp64_product} {ergonomic}
     bool UseCompressedOops                        = true                                 {lp64_product} {ergonomic}
     bool UseG1GC                                  = true                                      {product} {ergonomic}
     bool UseLargePagesIndividualAllocation        = false                                  {pd product} {ergonomic}

Logging:
Log output configuration:
 #0: stdout all=warning uptime,level,tags
 #1: stderr all=off uptime,level,tags

Environment Variables:
JAVA_HOME=C:\Program Files\OpenJDK\jdk-11.0.0.1
PATH=C:/Users/jagriti.chourasia/.p2/pool/plugins/org.eclipse.justj.openjdk.hotspot.jre.full.win32.x86_64_14.0.2.v20200815-0932/jre/bin/server;C:/Users/jagriti.chourasia/.p2/pool/plugins/org.eclipse.justj.openjdk.hotspot.jre.full.win32.x86_64_14.0.2.v20200815-0932/jre/bin;C:\WINDOWS\system32;C:\WINDOWS;C:\WINDOWS\System32\Wbem;C:\WINDOWS\System32\WindowsPowerShell\v1.0\;C:\WINDOWS\System32\OpenSSH\;C:\Program Files (x86)\Symantec\VIP Access Client\;C:\Program Files\dotnet\;C:\Program Files (x86)\Pulse Secure\VC142.CRT\X64\;C:\Program Files (x86)\Pulse Secure\VC142.CRT\X86\;C:\Program Files (x86)\Common Files\Pulse Secure\TNC Client Plugin\;C:\Program Files\Gradle\gradle-7.6.4\bin;C:\Program Files\Maven\apache-maven-3.9.4\bin;C:\Program Files\OpenJDK\jdk-11.0.0.1\bin;C:\Users\jagriti.chourasia\AppData\Local\Microsoft\WindowsApps;C:\Users\jagriti.chourasia\AppData\Local\Programs\Git\cmd;C:\WINDOWS\system32;
USERNAME=jagriti.chourasia
OS=Windows_NT
PROCESSOR_IDENTIFIER=Intel64 Family 6 Model 142 Stepping 12, GenuineIntel



---------------  S Y S T E M  ---------------

OS: Windows 10 , 64 bit Build 22621 (10.0.22621.3958)
OS uptime: 0 days 10:32 hours
HyperV virtualization detected

CPU:total 8 (initial active 8) (4 cores per cpu, 2 threads per core) family 6 model 142 stepping 12, cmov, cx8, fxsr, mmx, sse, sse2, sse3, ssse3, sse4.1, sse4.2, popcnt, avx, avx2, aes, clmul, erms, 3dnowpref, lzcnt, ht, tsc, tscinvbit, bmi1, bmi2, adx, fma

Memory: 4k page, system-wide physical 7928M (343M free)
TotalPageFile size 22961M (AvailPageFile size 13M)
current process WorkingSet (physical memory assigned to process): 50M, peak: 50M
current process commit charge ("private bytes"): 208M, peak: 208M

vm_info: OpenJDK 64-Bit Server VM (14.0.2+12-46) for windows-amd64 JRE (14.0.2+12-46), built on Jul  9 2020 00:31:16 by "mach5one" with MS VC++ 15.9 (VS2017)

END.
